# JRE version: OpenJDK Runtime Environment (17.0.6) (build 17.0.6+0-b2043.56-10027231)
# Java VM: OpenJDK 64-Bit Server VM (17.0.6+0-b2043.56-10027231, mixed mode, tiered, compressed oops, compressed class ptrs, g1 gc, windows-amd64)
GC Precious Log:
 CPUs: 6 total, 6 available
 Memory: 32117M
 Large Page Support: Disabled
 NUMA Support: Disabled
 Compressed Oops: Enabled (Zero based)
 Heap Region Size: 4M
 Heap Min Capacity: 8M
 Heap Initial Capacity: 504M
 Heap Max Capacity: 8G
 Pre-touch: Disabled
 Parallel Workers: 6
 Concurrent Workers: 2
 Concurrent Refinement Workers: 6
 Periodic GC: Disabled
Heap:
 garbage-first heap   total 1355776K, used 487439K [0x0000000600000000, 0x0000000800000000)
  region size 4096K, 6 young (24576K), 6 survivors (24576K)
 Metaspace       used 324359K, committed 328000K, reserved 1335296K
  class space    used 41370K, committed 43136K, reserved 1048576K
GC Heap History (20 events):
Event: 5803.118 GC heap after
{Heap after GC invocations=112 (full 1):
 garbage-first heap   total 983040K, used 399629K [0x0000000600000000, 0x0000000800000000)
  region size 4096K, 5 young (20480K), 5 survivors (20480K)
 Metaspace       used 324098K, committed 327744K, reserved 1335296K
  class space    used 41346K, committed 43136K, reserved 1048576K
}
Event: 5803.773 GC heap before
{Heap before GC invocations=113 (full 1):
 garbage-first heap   total 983040K, used 809229K [0x0000000600000000, 0x0000000800000000)
  region size 4096K, 105 young (430080K), 5 survivors (20480K)
 Metaspace       used 324155K, committed 327744K, reserved 1335296K
  class space    used 41358K, committed 43136K, reserved 1048576K
}
Event: 5803.788 GC heap after
{Heap after GC invocations=114 (full 1):
 garbage-first heap   total 983040K, used 406932K [0x0000000600000000, 0x0000000800000000)
  region size 4096K, 6 young (24576K), 6 survivors (24576K)
 Metaspace       used 324155K, committed 327744K, reserved 1335296K
  class space    used 41358K, committed 43136K, reserved 1048576K
}
Event: 5803.828 GC heap before
{Heap before GC invocations=114 (full 1):
 garbage-first heap   total 983040K, used 431508K [0x0000000600000000, 0x0000000800000000)
  region size 4096K, 12 young (49152K), 6 survivors (24576K)
 Metaspace       used 324155K, committed 327744K, reserved 1335296K
  class space    used 41358K, committed 43136K, reserved 1048576K
}
Event: 5803.841 GC heap after
{Heap after GC invocations=115 (full 1):
 garbage-first heap   total 1355776K, used 407187K [0x0000000600000000, 0x0000000800000000)
  region size 4096K, 2 young (8192K), 2 survivors (8192K)
 Metaspace       used 324155K, committed 327744K, reserved 1335296K
  class space    used 41358K, committed 43136K, reserved 1048576K
}
Event: 5804.992 GC heap before
{Heap before GC invocations=115 (full 1):
 garbage-first heap   total 1355776K, used 1132179K [0x0000000600000000, 0x0000000800000000)
  region size 4096K, 179 young (733184K), 2 survivors (8192K)
 Metaspace       used 324205K, committed 327808K, reserved 1335296K
  class space    used 41363K, committed 43136K, reserved 1048576K
}
Event: 5805.018 GC heap after
{Heap after GC invocations=116 (full 1):
 garbage-first heap   total 1355776K, used 437751K [0x0000000600000000, 0x0000000800000000)
  region size 4096K, 9 young (36864K), 9 survivors (36864K)
 Metaspace       used 324205K, committed 327808K, reserved 1335296K
  class space    used 41363K, committed 43136K, reserved 1048576K
}
Event: 5805.836 GC heap before
{Heap before GC invocations=116 (full 1):
 garbage-first heap   total 1355776K, used 1121783K [0x0000000600000000, 0x0000000800000000)
  region size 4096K, 177 young (724992K), 9 survivors (36864K)
 Metaspace       used 324232K, committed 327872K, reserved 1335296K
  class space    used 41363K, committed 43136K, reserved 1048576K
}
Event: 5805.855 GC heap after
{Heap after GC invocations=117 (full 1):
 garbage-first heap   total 1355776K, used 442850K [0x0000000600000000, 0x0000000800000000)
  region size 4096K, 10 young (40960K), 10 survivors (40960K)
 Metaspace       used 324232K, committed 327872K, reserved 1335296K
  class space    used 41363K, committed 43136K, reserved 1048576K
}
Event: 5806.624 GC heap before
{Heap before GC invocations=117 (full 1):
 garbage-first heap   total 1355776K, used 1135074K [0x0000000600000000, 0x0000000800000000)
  region size 4096K, 179 young (733184K), 10 survivors (40960K)
 Metaspace       used 324249K, committed 327936K, reserved 1335296K
  class space    used 41366K, committed 43136K, reserved 1048576K
}
Event: 5806.644 GC heap after
{Heap after GC invocations=118 (full 1):
 garbage-first heap   total 1355776K, used 448601K [0x0000000600000000, 0x0000000800000000)
  region size 4096K, 12 young (49152K), 12 survivors (49152K)
 Metaspace       used 324249K, committed 327936K, reserved 1335296K
  class space    used 41366K, committed 43136K, reserved 1048576K
}
Event: 5807.738 GC heap before
{Heap before GC invocations=119 (full 1):
 garbage-first heap   total 1355776K, used 1140825K [0x0000000600000000, 0x0000000800000000)
  region size 4096K, 181 young (741376K), 12 survivors (49152K)
 Metaspace       used 324288K, committed 327936K, reserved 1335296K
  class space    used 41369K, committed 43136K, reserved 1048576K
}
Event: 5807.762 GC heap after
{Heap after GC invocations=120 (full 1):
 garbage-first heap   total 1355776K, used 450185K [0x0000000600000000, 0x0000000800000000)
  region size 4096K, 12 young (49152K), 12 survivors (49152K)
 Metaspace       used 324288K, committed 327936K, reserved 1335296K
  class space    used 41369K, committed 43136K, reserved 1048576K
}
Event: 5807.778 GC heap before
{Heap before GC invocations=120 (full 1):
 garbage-first heap   total 1355776K, used 466569K [0x0000000600000000, 0x0000000800000000)
  region size 4096K, 16 young (65536K), 12 survivors (49152K)
 Metaspace       used 324288K, committed 327936K, reserved 1335296K
  class space    used 41369K, committed 43136K, reserved 1048576K
}
Event: 5807.808 GC heap after
{Heap after GC invocations=121 (full 1):
 garbage-first heap   total 1355776K, used 443190K [0x0000000600000000, 0x0000000800000000)
  region size 4096K, 2 young (8192K), 2 survivors (8192K)
 Metaspace       used 324288K, committed 327936K, reserved 1335296K
  class space    used 41369K, committed 43136K, reserved 1048576K
}
Event: 5808.609 GC heap before
{Heap before GC invocations=121 (full 1):
 garbage-first heap   total 1355776K, used 1147702K [0x0000000600000000, 0x0000000800000000)
  region size 4096K, 175 young (716800K), 2 survivors (8192K)
 Metaspace       used 324320K, committed 328000K, reserved 1335296K
  class space    used 41370K, committed 43136K, reserved 1048576K
}
Event: 5808.629 GC heap after
{Heap after GC invocations=122 (full 1):
 garbage-first heap   total 1355776K, used 466812K [0x0000000600000000, 0x0000000800000000)
  region size 4096K, 8 young (32768K), 8 survivors (32768K)
 Metaspace       used 324320K, committed 328000K, reserved 1335296K
  class space    used 41370K, committed 43136K, reserved 1048576K
}
Event: 5809.307 GC heap before
{Heap before GC invocations=122 (full 1):
 garbage-first heap   total 1355776K, used 1138556K [0x0000000600000000, 0x0000000800000000)
  region size 4096K, 173 young (708608K), 8 survivors (32768K)
 Metaspace       used 324346K, committed 328000K, reserved 1335296K
  class space    used 41370K, committed 43136K, reserved 1048576K
}
Event: 5809.330 GC heap after
{Heap after GC invocations=123 (full 1):
 garbage-first heap   total 1355776K, used 486168K [0x0000000600000000, 0x0000000800000000)
  region size 4096K, 13 young (53248K), 13 survivors (53248K)
 Metaspace       used 324346K, committed 328000K, reserved 1335296K
  class space    used 41370K, committed 43136K, reserved 1048576K
}
Event: 5809.963 GC heap before
{Heap before GC invocations=123 (full 1):
 garbage-first heap   total 1355776K, used 1137432K [0x0000000600000000, 0x0000000800000000)
  region size 4096K, 173 young (708608K), 13 survivors (53248K)
 Metaspace       used 324359K, committed 328000K, reserved 1335296K
  class space    used 41370K, committed 43136K, reserved 1048576K
}

